TN:
SF:src/services/User.ts
FN:6,(anonymous_0)
FN:12,(anonymous_1)
FN:18,(anonymous_2)
FN:22,(anonymous_3)
FN:34,(anonymous_4)
FNF:5
FNH:5
FNDA:2,(anonymous_0)
FNDA:7,(anonymous_1)
FNDA:1,(anonymous_2)
FNDA:2,(anonymous_3)
FNDA:2,(anonymous_4)
DA:1,1
DA:3,1
DA:5,1
DA:7,2
DA:9,2
DA:13,7
DA:14,7
DA:15,5
DA:19,1
DA:23,2
DA:25,2
DA:27,1
DA:29,1
DA:31,1
DA:35,2
DA:37,2
DA:39,1
DA:41,1
LF:18
LH:18
BRDA:9,0,0,1
BRDA:9,0,1,1
BRDA:14,1,0,2
BRDA:14,1,1,5
BRDA:25,2,0,1
BRDA:25,2,1,1
BRDA:37,3,0,1
BRDA:37,3,1,1
BRF:8
BRH:8
end_of_record
